<?xml version="1.0" encoding="UTF-8"?>
<testsuite xmlns:xsi="http://www.w3.org/2001/XMLSchema-instance" xsi:noNamespaceSchemaLocation="https://maven.apache.org/surefire/maven-surefire-plugin/xsd/surefire-test-report-3.0.xsd" version="3.0" name="com.everis.calculadorasimples.CalculadoraTest" time="0.428" tests="7" errors="0" skipped="0" failures="0">
  <properties>
    <property name="java.specification.version" value="16"/>
    <property name="sun.cpu.isalist" value="amd64"/>
    <property name="sun.jnu.encoding" value="Cp1252"/>
    <property name="java.class.path" value="C:\Users\Maki\Downloads\introJUnit\target\test-classes;C:\Users\Maki\Downloads\introJUnit\target\classes;C:\Users\Maki\.m2\repository\org\junit\jupiter\junit-jupiter-engine\5.7.1\junit-jupiter-engine-5.7.1.jar;C:\Users\Maki\.m2\repository\org\apiguardian\apiguardian-api\1.1.0\apiguardian-api-1.1.0.jar;C:\Users\Maki\.m2\repository\org\junit\platform\junit-platform-engine\1.7.1\junit-platform-engine-1.7.1.jar;C:\Users\Maki\.m2\repository\org\opentest4j\opentest4j\1.2.0\opentest4j-1.2.0.jar;C:\Users\Maki\.m2\repository\org\junit\platform\junit-platform-commons\1.7.1\junit-platform-commons-1.7.1.jar;C:\Users\Maki\.m2\repository\org\junit\jupiter\junit-jupiter-api\5.7.1\junit-jupiter-api-5.7.1.jar;C:\Users\Maki\.m2\repository\org\junit\jupiter\junit-jupiter-params\5.7.1\junit-jupiter-params-5.7.1.jar;"/>
    <property name="java.vm.vendor" value="Azul Systems, Inc."/>
    <property name="sun.arch.data.model" value="64"/>
    <property name="user.variant" value=""/>
    <property name="java.vendor.url" value="http://www.azulsystems.com/"/>
    <property name="user.timezone" value="America/Sao_Paulo"/>
    <property name="os.name" value="Windows 10"/>
    <property name="java.vm.specification.version" value="16"/>
    <property name="sun.java.launcher" value="SUN_STANDARD"/>
    <property name="user.country" value="BR"/>
    <property name="sun.boot.library.path" value="C:\Program Files\Java\zulu16.30.15-ca-jdk16.0.1-win_x64\bin"/>
    <property name="sun.java.command" value="C:\Users\Maki\AppData\Local\Temp\surefire14859735416936639176\surefirebooter1038423236752043070.jar C:\Users\Maki\AppData\Local\Temp\surefire14859735416936639176 2021-08-14T21-24-17_692-jvmRun1 surefire4010304517040184013tmp surefire_03598733888147805023tmp"/>
    <property name="jdk.debug" value="release"/>
    <property name="surefire.test.class.path" value="C:\Users\Maki\Downloads\introJUnit\target\test-classes;C:\Users\Maki\Downloads\introJUnit\target\classes;C:\Users\Maki\.m2\repository\org\junit\jupiter\junit-jupiter-engine\5.7.1\junit-jupiter-engine-5.7.1.jar;C:\Users\Maki\.m2\repository\org\apiguardian\apiguardian-api\1.1.0\apiguardian-api-1.1.0.jar;C:\Users\Maki\.m2\repository\org\junit\platform\junit-platform-engine\1.7.1\junit-platform-engine-1.7.1.jar;C:\Users\Maki\.m2\repository\org\opentest4j\opentest4j\1.2.0\opentest4j-1.2.0.jar;C:\Users\Maki\.m2\repository\org\junit\platform\junit-platform-commons\1.7.1\junit-platform-commons-1.7.1.jar;C:\Users\Maki\.m2\repository\org\junit\jupiter\junit-jupiter-api\5.7.1\junit-jupiter-api-5.7.1.jar;C:\Users\Maki\.m2\repository\org\junit\jupiter\junit-jupiter-params\5.7.1\junit-jupiter-params-5.7.1.jar;"/>
    <property name="sun.cpu.endian" value="little"/>
    <property name="user.home" value="C:\Users\Maki"/>
    <property name="user.language" value="pt"/>
    <property name="java.specification.vendor" value="Oracle Corporation"/>
    <property name="java.version.date" value="2021-04-20"/>
    <property name="java.home" value="C:\Program Files\Java\zulu16.30.15-ca-jdk16.0.1-win_x64"/>
    <property name="file.separator" value="\"/>
    <property name="basedir" value="C:\Users\Maki\Downloads\introJUnit"/>
    <property name="java.vm.compressedOopsMode" value="Zero based"/>
    <property name="line.separator" value="&#10;"/>
    <property name="java.vm.specification.vendor" value="Oracle Corporation"/>
    <property name="java.specification.name" value="Java Platform API Specification"/>
    <property name="surefire.real.class.path" value="C:\Users\Maki\AppData\Local\Temp\surefire14859735416936639176\surefirebooter1038423236752043070.jar"/>
    <property name="user.script" value=""/>
    <property name="sun.management.compiler" value="HotSpot 64-Bit Tiered Compilers"/>
    <property name="java.runtime.version" value="16.0.1+9"/>
    <property name="user.name" value="Maki"/>
    <property name="path.separator" value=";"/>
    <property name="os.version" value="10.0"/>
    <property name="java.runtime.name" value="OpenJDK Runtime Environment"/>
    <property name="file.encoding" value="Cp1252"/>
    <property name="java.vm.name" value="OpenJDK 64-Bit Server VM"/>
    <property name="java.vendor.version" value="Zulu16.30+15-CA"/>
    <property name="localRepository" value="C:\Users\Maki\.m2\repository"/>
    <property name="java.vendor.url.bug" value="http://www.azulsystems.com/support/"/>
    <property name="java.io.tmpdir" value="C:\Users\Maki\AppData\Local\Temp\"/>
    <property name="java.version" value="16.0.1"/>
    <property name="user.dir" value="C:\Users\Maki\Downloads\introJUnit"/>
    <property name="os.arch" value="amd64"/>
    <property name="java.vm.specification.name" value="Java Virtual Machine Specification"/>
    <property name="sun.os.patch.level" value=""/>
    <property name="java.library.path" value="C:\Program Files\Java\zulu16.30.15-ca-jdk16.0.1-win_x64\bin;C:\WINDOWS\Sun\Java\bin;C:\WINDOWS\system32;C:\WINDOWS;C:\Program Files\Java\zulu16.30.15-ca-jdk16.0.1-win_x64\bin;C:\Program Files (x86)\VMware\VMware Player\bin\;C:\Program Files (x86)\Common Files\Oracle\Java\javapath;C:\WINDOWS\system32;C:\WINDOWS;C:\WINDOWS\System32\Wbem;C:\WINDOWS\System32\WindowsPowerShell\v1.0\;C:\WINDOWS\System32\OpenSSH\;C:\Program Files\PuTTY\;C:\Program Files\Git\cmd;C:\Program Files\Git LFS;C:\Program Files\Microsoft SQL Server\Client SDK\ODBC\170\Tools\Binn\;C:\Program Files (x86)\Microsoft SQL Server\150\Tools\Binn\;C:\Program Files\Microsoft SQL Server\150\Tools\Binn\;C:\Program Files\Microsoft SQL Server\150\DTS\Binn\;C:\Program Files (x86)\Microsoft SQL Server\150\DTS\Binn\;C:\Program Files\Azure Data Studio\bin;C:\Program Files\nodejs\;C:\Program Files\Docker\Docker\resources\bin;C:\ProgramData\DockerDesktop\version-bin;C:\Program Files\PostgreSQL\9.6\bin;C:\maven\apache-maven-3.8.1\bin;C:\gradle\gradle-7.1\bin;&quot;;C:\Program Files\Java\zulu16.30.15-ca-jdk16.0.1-win_x64\bin;&quot;;C:\Program Files\MySQL\MySQL Shell 8.0\bin\;C:\Usuários\Maki\AppData\Local\Programs\Python\Python39\Scripts\;C:\Usuários\Maki\AppData\Local\Programs\Python\Python39\;C:\Users\Maki\AppData\Local\Microsoft\WindowsApps;C:\Usuários\Maki\AppData\Local\GitHubDesktop\bin;C:\Usuários\Maki\AppData\Local\Programs\Microsoft VS Code\bin;C:\Program Files\Azure Data Studio\bin;C:\Usuários\RajaRama\Anaconda3\Scripts;C:\Usuários\RajaRama\Anaconda3;C:\Usuários\RajaRama\Anaconda3\Library\bin;C:\Usuários\yourusername\Anaconda3\Library\bin;C:\Usuários\dipanwita.neogy\Anaconda3\Scripts;C:\Usuários\Maki\AppData\Roaming\npm;C:\Users\Maki\AppData\Roaming\npm;C:\Users\Maki\AppData\Local\GitHubDesktop\bin;C:\Users\Maki\AppData\Local\Programs\Microsoft VS Code\bin;."/>
    <property name="java.vm.info" value="mixed mode, sharing"/>
    <property name="java.vendor" value="Azul Systems, Inc."/>
    <property name="java.vm.version" value="16.0.1+9"/>
    <property name="sun.io.unicode.encoding" value="UnicodeLittle"/>
    <property name="java.class.version" value="60.0"/>
  </properties>
  <testcase name="testaSomaMenosIngenuo" classname="com.everis.calculadorasimples.CalculadoraTest" time="0.063"/>
  <testcase name="deveResultarQuatroAoSomarDoisEDois" classname="com.everis.calculadorasimples.CalculadoraTest" time="0.039"/>
  <testcase name="deveResultarZeroAoSomarDoisEMenosDois" classname="com.everis.calculadorasimples.CalculadoraTest" time="0.003"/>
  <testcase name="validaMultiplasSomasArqCSV(double, double, double)[1]" classname="com.everis.calculadorasimples.CalculadoraTest" time="0.053"/>
  <testcase name="validaMultiplasSomasArqCSV(double, double, double)[2]" classname="com.everis.calculadorasimples.CalculadoraTest" time="0.017"/>
  <testcase name="validaMultiplasSomasArqCSV(double, double, double)[3]" classname="com.everis.calculadorasimples.CalculadoraTest" time="0.002"/>
  <testcase name="divisaoPorZeroGeraExcecao" classname="com.everis.calculadorasimples.CalculadoraTest" time="0.003"/>
</testsuite>